# JRE version: Java(TM) SE Runtime Environment (8.0_45-b15) (build 1.8.0_45-b15)
# Java VM: Java HotSpot(TM) 64-Bit Server VM (25.45-b02 mixed mode windows-amd64 compressed oops)
Heap:
 PSYoungGen      total 232960K, used 20482K [0x00000000eab00000, 0x0000000100000000, 0x0000000100000000)
  eden space 116736K, 3% used [0x00000000eab00000,0x00000000eaf1e310,0x00000000f1d00000)
  from space 116224K, 13% used [0x00000000f1d00000,0x00000000f2ce2608,0x00000000f8e80000)
  to   space 116224K, 0% used [0x00000000f8e80000,0x00000000f8e80000,0x0000000100000000)
 ParOldGen       total 246784K, used 191350K [0x00000000c0000000, 0x00000000cf100000, 0x00000000eab00000)
  object space 246784K, 77% used [0x00000000c0000000,0x00000000cbaddbd8,0x00000000cf100000)
 Metaspace       used 6818K, capacity 7672K, committed 7936K, reserved 1056768K
  class space    used 626K, capacity 688K, committed 768K, reserved 1048576K
GC Heap History (10 events):
Event: 36.687 GC heap before
{Heap before GC invocations=21 (full 4):
 PSYoungGen      total 232960K, used 116736K [0x00000000eab00000, 0x0000000100000000, 0x0000000100000000)
  eden space 116736K, 100% used [0x00000000eab00000,0x00000000f1d00000,0x00000000f1d00000)
  from space 116224K, 0% used [0x00000000f8e80000,0x00000000f8e80000,0x0000000100000000)
  to   space 116224K, 0% used [0x00000000f1d00000,0x00000000f1d00000,0x00000000f8e80000)
 ParOldGen       total 246784K, used 162246K [0x00000000c0000000, 0x00000000cf100000, 0x00000000eab00000)
  object space 246784K, 65% used [0x00000000c0000000,0x00000000c9e718e0,0x00000000cf100000)
 Metaspace       used 6321K, capacity 7220K, committed 7296K, reserved 1056768K
  class space    used 601K, capacity 620K, committed 640K, reserved 1048576K
Event: 36.727 GC heap after
Heap after GC invocations=21 (full 4):
 PSYoungGen      total 232960K, used 32010K [0x00000000eab00000, 0x0000000100000000, 0x0000000100000000)
  eden space 116736K, 0% used [0x00000000eab00000,0x00000000eab00000,0x00000000f1d00000)
  from space 116224K, 27% used [0x00000000f1d00000,0x00000000f3c42bf8,0x00000000f8e80000)
  to   space 116224K, 0% used [0x00000000f8e80000,0x00000000f8e80000,0x0000000100000000)
 ParOldGen       total 246784K, used 162254K [0x00000000c0000000, 0x00000000cf100000, 0x00000000eab00000)
  object space 246784K, 65% used [0x00000000c0000000,0x00000000c9e738e0,0x00000000cf100000)
 Metaspace       used 6321K, capacity 7220K, committed 7296K, reserved 1056768K
  class space    used 601K, capacity 620K, committed 640K, reserved 1048576K
}
Event: 39.493 GC heap before
{Heap before GC invocations=22 (full 4):
 PSYoungGen      total 232960K, used 148746K [0x00000000eab00000, 0x0000000100000000, 0x0000000100000000)
  eden space 116736K, 100% used [0x00000000eab00000,0x00000000f1d00000,0x00000000f1d00000)
  from space 116224K, 27% used [0x00000000f1d00000,0x00000000f3c42bf8,0x00000000f8e80000)
  to   space 116224K, 0% used [0x00000000f8e80000,0x00000000f8e80000,0x0000000100000000)
 ParOldGen       total 246784K, used 162254K [0x00000000c0000000, 0x00000000cf100000, 0x00000000eab00000)
  object space 246784K, 65% used [0x00000000c0000000,0x00000000c9e738e0,0x00000000cf100000)
 Metaspace       used 6336K, capacity 7220K, committed 7296K, reserved 1056768K
  class space    used 601K, capacity 620K, committed 640K, reserved 1048576K
Event: 39.737 GC heap after
Heap after GC invocations=22 (full 4):
 PSYoungGen      total 232960K, used 29078K [0x00000000eab00000, 0x0000000100000000, 0x0000000100000000)
  eden space 116736K, 0% used [0x00000000eab00000,0x00000000eab00000,0x00000000f1d00000)
  from space 116224K, 25% used [0x00000000f8e80000,0x00000000faae5be0,0x0000000100000000)
  to   space 116224K, 0% used [0x00000000f1d00000,0x00000000f1d00000,0x00000000f8e80000)
 ParOldGen       total 246784K, used 194229K [0x00000000c0000000, 0x00000000cf100000, 0x00000000eab00000)
  object space 246784K, 78% used [0x00000000c0000000,0x00000000cbdad7f0,0x00000000cf100000)
 Metaspace       used 6336K, capacity 7220K, committed 7296K, reserved 1056768K
  class space    used 601K, capacity 620K, committed 640K, reserved 1048576K
}
Event: 39.737 GC heap before
{Heap before GC invocations=23 (full 5):
 PSYoungGen      total 232960K, used 29078K [0x00000000eab00000, 0x0000000100000000, 0x0000000100000000)
  eden space 116736K, 0% used [0x00000000eab00000,0x00000000eab00000,0x00000000f1d00000)
  from space 116224K, 25% used [0x00000000f8e80000,0x00000000faae5be0,0x0000000100000000)
  to   space 116224K, 0% used [0x00000000f1d00000,0x00000000f1d00000,0x00000000f8e80000)
 ParOldGen       total 246784K, used 194229K [0x00000000c0000000, 0x00000000cf100000, 0x00000000eab00000)
  object space 246784K, 78% used [0x00000000c0000000,0x00000000cbdad7f0,0x00000000cf100000)
 Metaspace       used 6336K, capacity 7220K, committed 7296K, reserved 1056768K
  class space    used 601K, capacity 620K, committed 640K, reserved 1048576K
Event: 41.496 GC heap after
Heap after GC invocations=23 (full 5):
 PSYoungGen      total 232960K, used 0K [0x00000000eab00000, 0x0000000100000000, 0x0000000100000000)
  eden space 116736K, 0% used [0x00000000eab00000,0x00000000eab00000,0x00000000f1d00000)
  from space 116224K, 0% used [0x00000000f8e80000,0x00000000f8e80000,0x0000000100000000)
  to   space 116224K, 0% used [0x00000000f1d00000,0x00000000f1d00000,0x00000000f8e80000)
 ParOldGen       total 246784K, used 136756K [0x00000000c0000000, 0x00000000cf100000, 0x00000000eab00000)
  object space 246784K, 55% used [0x00000000c0000000,0x00000000c858d2f8,0x00000000cf100000)
 Metaspace       used 6336K, capacity 7220K, committed 7296K, reserved 1056768K
  class space    used 601K, capacity 620K, committed 640K, reserved 1048576K
}
Event: 44.701 GC heap before
{Heap before GC invocations=24 (full 5):
 PSYoungGen      total 232960K, used 116736K [0x00000000eab00000, 0x0000000100000000, 0x0000000100000000)
  eden space 116736K, 100% used [0x00000000eab00000,0x00000000f1d00000,0x00000000f1d00000)
  from space 116224K, 0% used [0x00000000f8e80000,0x00000000f8e80000,0x0000000100000000)
  to   space 116224K, 0% used [0x00000000f1d00000,0x00000000f1d00000,0x00000000f8e80000)
 ParOldGen       total 246784K, used 136756K [0x00000000c0000000, 0x00000000cf100000, 0x00000000eab00000)
  object space 246784K, 55% used [0x00000000c0000000,0x00000000c858d2f8,0x00000000cf100000)
 Metaspace       used 6357K, capacity 7222K, committed 7296K, reserved 1056768K
  class space    used 604K, capacity 622K, committed 640K, reserved 1048576K
Event: 44.754 GC heap after
Heap after GC invocations=24 (full 5):
 PSYoungGen      total 232960K, used 30546K [0x00000000eab00000, 0x0000000100000000, 0x0000000100000000)
  eden space 116736K, 0% used [0x00000000eab00000,0x00000000eab00000,0x00000000f1d00000)
  from space 116224K, 26% used [0x00000000f1d00000,0x00000000f3ad4948,0x00000000f8e80000)
  to   space 116224K, 0% used [0x00000000f8e80000,0x00000000f8e80000,0x0000000100000000)
 ParOldGen       total 246784K, used 136756K [0x00000000c0000000, 0x00000000cf100000, 0x00000000eab00000)
  object space 246784K, 55% used [0x00000000c0000000,0x00000000c858d2f8,0x00000000cf100000)
 Metaspace       used 6357K, capacity 7222K, committed 7296K, reserved 1056768K
  class space    used 604K, capacity 622K, committed 640K, reserved 1048576K
}
Event: 44.871 GC heap before
{Heap before GC invocations=25 (full 5):
 PSYoungGen      total 232960K, used 147282K [0x00000000eab00000, 0x0000000100000000, 0x0000000100000000)
  eden space 116736K, 100% used [0x00000000eab00000,0x00000000f1d00000,0x00000000f1d00000)
  from space 116224K, 26% used [0x00000000f1d00000,0x00000000f3ad4948,0x00000000f8e80000)
  to   space 116224K, 0% used [0x00000000f8e80000,0x00000000f8e80000,0x0000000100000000)
 ParOldGen       total 246784K, used 136756K [0x00000000c0000000, 0x00000000cf100000, 0x00000000eab00000)
  object space 246784K, 55% used [0x00000000c0000000,0x00000000c858d2f8,0x00000000cf100000)
 Metaspace       used 6357K, capacity 7222K, committed 7296K, reserved 1056768K
  class space    used 604K, capacity 622K, committed 640K, reserved 1048576K
Event: 44.985 GC heap after
Heap after GC invocations=25 (full 5):
 PSYoungGen      total 232960K, used 60936K [0x00000000eab00000, 0x0000000100000000, 0x0000000100000000)
  eden space 116736K, 0% used [0x00000000eab00000,0x00000000eab00000,0x00000000f1d00000)
  from space 116224K, 52% used [0x00000000f8e80000,0x00000000fca022c8,0x0000000100000000)
  to   space 116224K, 0% used [0x00000000f1d00000,0x00000000f1d00000,0x00000000f8e80000)
 ParOldGen       total 246784K, used 167238K [0x00000000c0000000, 0x00000000cf100000, 0x00000000eab00000)
  object space 246784K, 67% used [0x00000000c0000000,0x00000000ca351bd8,0x00000000cf100000)
 Metaspace       used 6357K, capacity 7222K, committed 7296K, reserved 1056768K
  class space    used 604K, capacity 622K, committed 640K, reserved 1048576K
}

